This file contains any messages produced by compilers while
running configure, to aid debugging if configure makes a mistake.

configure:561: checking for a BSD compatible install
configure:614: checking whether build environment is sane
configure:671: checking whether make sets ${MAKE}
configure:717: checking for working aclocal
configure:730: checking for working autoconf
configure:743: checking for working automake
configure:756: checking for working autoheader
configure:769: checking for working makeinfo
configure:786: checking for gcc
configure:899: checking whether the C compiler (gcc  ) works
configure:915: gcc -o conftest    conftest.c  1>&5
configure:941: checking whether the C compiler (gcc  ) is a cross-compiler
configure:946: checking whether we are using GNU C
configure:955: gcc -E conftest.c
configure:974: checking whether gcc accepts -g
configure:1010: checking for c++
configure:1042: checking whether the C++ compiler (c++  ) works
configure:1058: c++ -o conftest    conftest.C  1>&5
configure:1084: checking whether the C++ compiler (c++  ) is a cross-compiler
configure:1089: checking whether we are using GNU C++
configure:1098: c++ -E conftest.C
configure:1117: checking whether c++ accepts -g
configure:1151: checking for ranlib
